SF:lib/app/app.locator.dart
DA:20,3
DA:22,0
DA:27,0
DA:31,0
DA:32,0
DA:33,0
DA:34,0
DA:35,0
DA:36,0
DA:37,0
DA:38,0
LF:11
LH:1
end_of_record
SF:lib/mixin/api_service_supporter.dart
DA:6,0
LF:1
LH:0
end_of_record
SF:lib/services/api/onboarding_api_service.dart
DA:8,0
DA:9,0
LF:2
LH:0
end_of_record
SF:lib/services/app/theme_service.dart
DA:13,0
DA:14,0
DA:15,0
DA:16,0
DA:17,0
DA:18,0
DA:19,0
DA:23,0
DA:24,0
DA:27,0
DA:28,0
DA:29,0
LF:12
LH:0
end_of_record
SF:lib/services/api/auth_api_service.dart
DA:11,0
DA:17,0
LF:2
LH:0
end_of_record
SF:lib/services/app/hive_storage_service.dart
DA:15,0
DA:17,0
DA:18,0
DA:21,0
DA:24,0
DA:25,0
DA:26,0
DA:27,0
DA:28,0
DA:30,0
DA:34,0
DA:37,0
DA:38,0
DA:39,0
DA:43,0
DA:44,0
DA:48,0
DA:53,0
DA:56,0
DA:57,0
DA:59,0
DA:63,0
DA:66,0
DA:67,0
DA:69,0
LF:25
LH:0
end_of_record
SF:lib/services/app/encryption_service.dart
DA:8,0
DA:9,0
DA:13,0
DA:14,0
DA:15,0
DA:19,0
DA:20,0
LF:7
LH:0
end_of_record
SF:lib/models/base/base_response.dart
DA:3,0
DA:12,0
DA:17,0
DA:18,0
DA:19,0
DA:20,0
DA:22,0
DA:23,0
DA:24,0
DA:25,0
DA:27,0
DA:36,0
DA:43,0
DA:49,0
DA:57,0
LF:15
LH:0
end_of_record
SF:lib/models/request/auth/sign_in_request.dart
DA:9,0
DA:14,0
DA:15,0
DA:16,0
DA:17,0
LF:5
LH:0
end_of_record
SF:lib/models/request/auth/sign_up_request.dart
DA:12,0
DA:20,0
DA:21,0
DA:22,0
DA:23,0
DA:24,0
DA:25,0
DA:26,0
LF:8
LH:0
end_of_record
SF:lib/models/response/auth/sign_in_response.dart
DA:20,0
DA:29,0
DA:53,0
DA:65,0
LF:4
LH:0
end_of_record
SF:lib/models/response/auth/sign_in_response.g.dart
DA:9,0
DA:10,0
DA:11,0
DA:12,0
DA:14,0
DA:15,0
DA:17,0
DA:18,0
DA:21,0
DA:22,0
DA:23,0
DA:24,0
DA:25,0
DA:26,0
DA:27,0
DA:28,0
DA:29,0
DA:30,0
LF:18
LH:0
end_of_record
SF:lib/models/response/auth/sign_up_response.dart
DA:12,0
DA:17,0
DA:33,0
DA:41,0
DA:65,0
DA:77,0
LF:6
LH:0
end_of_record
SF:lib/models/response/auth/sign_up_response.g.dart
DA:9,0
DA:10,0
DA:11,0
DA:12,0
DA:15,0
DA:16,0
DA:17,0
DA:18,0
DA:19,0
DA:20,0
DA:23,0
DA:24,0
DA:25,0
DA:26,0
DA:27,0
DA:28,0
DA:29,0
DA:30,0
DA:31,0
DA:32,0
LF:20
LH:0
end_of_record
SF:lib/models/response/onboarding/onboarding.dart
DA:16,0
DA:23,0
LF:2
LH:0
end_of_record
SF:lib/models/response/onboarding/onboarding.g.dart
DA:9,0
DA:10,0
DA:11,0
DA:12,0
DA:13,0
LF:5
LH:0
end_of_record
SF:lib/network/clients/dio/dio_http_client.dart
DA:11,0
DA:18,0
DA:27,0
DA:34,0
DA:36,0
DA:38,0
DA:39,0
DA:40,0
DA:42,0
DA:46,0
DA:57,0
DA:59,0
DA:65,0
DA:66,0
DA:67,0
DA:68,0
DA:69,0
DA:71,0
DA:75,0
DA:86,0
DA:88,0
DA:94,0
DA:95,0
DA:96,0
DA:98,0
DA:102,0
DA:111,0
DA:112,0
DA:116,0
DA:117,0
DA:118,0
DA:120,0
LF:32
LH:0
end_of_record
SF:lib/network/mixin/dio_http_client_mixin.dart
DA:10,0
DA:17,0
DA:18,0
DA:19,0
DA:22,0
DA:27,0
DA:29,0
DA:33,0
DA:36,0
DA:42,0
DA:46,0
DA:48,0
DA:56,0
DA:57,0
DA:58,0
DA:60,0
DA:62,0
DA:66,0
DA:67,0
LF:19
LH:0
end_of_record
SF:lib/network/parser/dio_network_parser.dart
DA:10,0
DA:11,0
DA:13,0
DA:16,0
DA:18,0
DA:20,0
DA:22,0
DA:23,0
DA:24,0
DA:25,0
DA:26,0
DA:27,0
DA:34,0
DA:35,0
DA:36,0
DA:37,0
DA:38,0
DA:39,0
DA:50,0
DA:51,0
DA:52,0
DA:53,0
DA:54,0
DA:60,0
DA:61,0
DA:62,0
DA:63,0
DA:64,0
DA:69,0
DA:70,0
DA:71,0
DA:72,0
DA:73,0
DA:74,0
LF:34
LH:0
end_of_record
SF:lib/ui/themes/app_themes.dart
DA:8,0
DA:9,0
DA:10,0
LF:3
LH:0
end_of_record
SF:lib/ui/themes/app_theme_colors.dart
DA:14,0
DA:26,0
DA:39,0
DA:40,0
DA:41,0
DA:42,0
DA:43,0
DA:44,0
DA:45,0
DA:46,0
DA:47,0
DA:48,0
DA:52,0
DA:54,0
DA:55,0
DA:56,0
DA:57,0
DA:58,0
DA:59,0
DA:60,0
DA:61,0
DA:62,0
DA:63,0
DA:64,0
LF:24
LH:0
end_of_record
SF:lib/ui/themes/dark/dark_theme.dart
DA:7,0
DA:19,0
DA:20,0
DA:22,0
DA:23,0
LF:5
LH:0
end_of_record
SF:lib/ui/themes/light/light_theme.dart
DA:7,0
DA:19,0
DA:20,0
DA:21,0
DA:22,0
DA:23,0
LF:6
LH:0
end_of_record
SF:lib/ui/themes/brown/brown_theme.dart
DA:7,0
DA:19,0
DA:20,0
DA:21,0
DA:22,0
DA:23,0
LF:6
LH:0
end_of_record
SF:lib/ui/views/sign_in/sign_in_form_helper.dart
DA:13,0
DA:14,0
DA:15,0
DA:18,0
DA:19,0
DA:20,0
DA:23,0
LF:7
LH:0
end_of_record
SF:lib/ui/views/sign_in/sign_in_viewmodel.dart
DA:26,0
DA:27,0
DA:29,0
DA:31,0
DA:32,0
LF:5
LH:0
end_of_record
SF:lib/mixin/viewmodel_supporter.dart
DA:36,0
DA:37,0
DA:39,0
DA:41,0
DA:43,0
DA:55,0
DA:59,0
DA:60,0
DA:62,0
DA:66,0
DA:70,0
DA:71,0
DA:73,0
DA:77,0
DA:81,0
DA:83,0
DA:89,0
DA:91,0
DA:92,0
DA:95,0
DA:96,0
DA:97,0
DA:98,0
DA:103,0
DA:105,0
DA:106,0
DA:107,0
DA:108,0
DA:112,0
DA:116,0
DA:118,0
DA:119,0
DA:120,0
DA:121,0
DA:130,0
DA:131,0
DA:133,0
DA:142,0
DA:143,0
DA:146,0
DA:147,0
DA:148,0
DA:154,0
DA:155,0
DA:156,0
DA:159,0
DA:162,0
DA:163,0
DA:164,0
DA:165,0
DA:167,0
DA:168,0
DA:170,0
DA:172,0
DA:173,0
DA:174,0
DA:175,0
DA:176,0
DA:181,0
DA:182,0
DA:183,0
DA:184,0
DA:185,0
DA:186,0
DA:187,0
DA:192,0
DA:193,0
DA:194,0
DA:195,0
DA:196,0
DA:197,0
DA:198,0
DA:206,0
DA:211,0
DA:212,0
DA:213,0
DA:214,0
LF:77
LH:0
end_of_record
SF:lib/app/app.router.dart
DA:95,0
DA:96,0
DA:98,0
DA:99,0
DA:103,0
DA:110,0
DA:117,0
DA:124,0
DA:131,0
DA:138,0
DA:145,0
DA:152,0
DA:159,0
DA:166,0
DA:173,0
DA:180,0
DA:187,0
DA:194,0
DA:201,0
DA:208,0
DA:215,0
DA:222,0
DA:229,0
DA:236,0
LF:24
LH:0
end_of_record
SF:lib/ui/views/home/home_view.dart
DA:13,1
DA:15,0
DA:21,0
DA:22,0
DA:24,0
DA:25,0
DA:26,0
DA:27,0
DA:33,0
DA:34,0
DA:35,0
DA:41,0
DA:42,0
DA:53,0
DA:57,0
LF:15
LH:1
end_of_record
SF:lib/ui/views/onboarding/onboarding_widget.dart
DA:8,0
DA:14,0
DA:16,0
DA:17,0
DA:18,0
DA:19,0
DA:24,0
DA:26,0
DA:27,0
DA:28,0
DA:29,0
DA:30,0
DA:31,0
DA:35,0
DA:36,0
DA:37,0
DA:38,0
DA:39,0
DA:40,0
DA:44,0
DA:45,0
DA:46,0
DA:47,0
DA:48,0
DA:53,0
LF:25
LH:0
end_of_record
SF:lib/ui/views/onboarding/onboarding_view.dart
DA:20,1
DA:22,0
DA:28,0
DA:29,0
DA:30,0
DA:31,0
DA:33,0
DA:34,0
DA:35,0
DA:36,0
DA:37,0
DA:38,0
DA:39,0
DA:40,0
DA:41,0
DA:42,0
DA:43,0
DA:47,0
DA:48,0
DA:49,0
DA:51,0
DA:52,0
DA:54,0
DA:55,0
DA:56,0
DA:57,0
DA:58,0
DA:59,0
DA:65,0
DA:66,0
DA:67,0
DA:68,0
DA:69,0
DA:71,0
DA:72,0
DA:73,0
DA:74,0
DA:75,0
DA:77,0
DA:80,0
DA:81,0
DA:82,0
DA:83,0
DA:84,0
DA:85,0
DA:91,0
DA:92,0
DA:93,0
DA:94,0
DA:95,0
DA:96,0
DA:98,0
DA:108,0
DA:112,0
DA:113,0
DA:115,0
DA:116,0
LF:57
LH:1
end_of_record
SF:lib/ui/views/sign_in/sign_in_view.dart
DA:16,1
DA:18,0
DA:24,0
DA:25,0
DA:27,0
DA:28,0
DA:29,0
DA:30,0
DA:36,0
DA:37,0
DA:38,0
DA:40,0
DA:41,0
DA:42,0
DA:43,0
DA:47,0
DA:48,0
DA:53,0
DA:54,0
DA:57,0
DA:61,0
DA:65,0
DA:69,0
LF:23
LH:1
end_of_record
SF:lib/ui/views/sign_up/sign_up_view.dart
DA:18,1
DA:20,0
DA:26,0
DA:27,0
DA:29,0
DA:30,0
DA:31,0
DA:32,0
DA:38,0
DA:39,0
DA:40,0
DA:41,0
DA:43,0
DA:44,0
DA:45,0
DA:46,0
DA:50,0
DA:51,0
DA:55,0
DA:56,0
DA:60,0
DA:61,0
DA:64,0
DA:65,0
DA:67,0
DA:68,0
DA:70,0
DA:71,0
DA:72,0
DA:74,0
DA:75,0
DA:79,0
DA:80,0
DA:81,0
DA:83,0
DA:89,0
DA:93,0
DA:94,0
DA:96,0
DA:97,0
LF:40
LH:1
end_of_record
SF:lib/ui/views/startup/startup_view.dart
DA:8,1
DA:10,0
DA:45,0
DA:49,0
DA:51,0
DA:52,0
LF:6
LH:1
end_of_record
SF:lib/extensions/context_extensions.dart
DA:5,0
DA:6,0
DA:7,0
DA:9,0
LF:4
LH:0
end_of_record
SF:lib/extensions/string_extensions.dart
DA:4,0
DA:5,0
LF:2
LH:0
end_of_record
SF:lib/extensions/widget_extensions.dart
DA:5,0
DA:6,0
DA:7,0
DA:8,0
DA:9,0
DA:10,0
DA:11,0
DA:12,0
DA:13,0
DA:14,0
DA:15,0
DA:16,0
DA:17,0
DA:18,0
DA:19,0
DA:20,0
DA:21,0
LF:17
LH:0
end_of_record
SF:lib/ui/styles/paddings.dart
DA:6,0
DA:7,0
DA:8,0
DA:9,0
DA:10,0
DA:13,0
DA:14,0
DA:15,0
DA:16,0
DA:17,0
DA:20,0
DA:21,0
DA:22,0
DA:23,0
DA:24,0
DA:27,0
DA:28,0
LF:17
LH:0
end_of_record
SF:lib/models/base/view_state.dart
DA:2,1
DA:9,0
DA:15,0
DA:16,0
DA:17,0
DA:18,0
DA:19,0
DA:20,0
DA:21,0
DA:22,0
DA:24,0
DA:27,0
DA:33,0
DA:34,0
DA:35,0
DA:36,0
DA:37,0
DA:38,0
DA:39,0
DA:40,0
DA:47,1
DA:53,0
DA:57,1
DA:63,0
LF:24
LH:3
end_of_record
SF:lib/ui/components/buttons/app_button.dart
DA:13,0
DA:20,0
DA:25,0
DA:28,0
DA:29,0
DA:32,0
DA:37,0
DA:40,0
DA:41,0
DA:44,0
DA:46,0
DA:48,0
DA:49,0
DA:51,0
DA:52,0
DA:53,0
DA:54,0
DA:56,0
DA:57,0
LF:19
LH:0
end_of_record
SF:lib/ui/styles/text_styles.dart
DA:6,0
DA:7,0
DA:8,0
DA:10,0
DA:11,0
DA:12,0
DA:14,0
DA:15,0
DA:16,0
DA:18,0
LF:10
LH:0
end_of_record
SF:lib/ui/components/inputs/app_text_field.dart
DA:37,0
DA:65,0
DA:89,0
DA:117,0
DA:140,0
DA:168,0
DA:169,0
DA:175,0
DA:177,0
DA:178,0
DA:181,0
DA:183,0
DA:184,0
DA:185,0
DA:186,0
DA:187,0
DA:188,0
DA:189,0
DA:190,0
DA:191,0
DA:192,0
DA:193,0
DA:194,0
DA:196,0
DA:197,0
DA:198,0
DA:199,0
DA:200,0
DA:201,0
DA:202,0
DA:204,0
DA:205,0
DA:206,0
DA:207,0
DA:208,0
DA:209,0
DA:210,0
DA:212,0
DA:213,0
DA:214,0
DA:216,0
DA:217,0
DA:218,0
DA:220,0
DA:221,0
DA:222,0
DA:224,0
DA:225,0
DA:226,0
DA:228,0
DA:229,0
DA:230,0
DA:233,0
DA:234,0
DA:235,0
DA:236,0
DA:237,0
DA:238,0
DA:239,0
DA:240,0
LF:60
LH:0
end_of_record
SF:lib/ui/styles/radiuses.dart
DA:7,0
DA:8,0
DA:9,0
DA:10,0
LF:4
LH:0
end_of_record
SF:lib/ui/styles/spaces.dart
DA:6,0
DA:7,0
DA:8,0
DA:11,0
DA:12,0
DA:13,0
LF:6
LH:0
end_of_record
SF:lib/ui/widgets/common/base_app_bar/base_app_bar.dart
DA:16,0
DA:26,0
DA:27,0
DA:29,0
DA:31,0
DA:34,0
DA:35,0
DA:37,0
DA:38,0
DA:41,0
DA:42,0
DA:43,0
DA:44,0
DA:45,0
DA:47,0
DA:49,0
DA:50,0
DA:56,0
DA:58,0
DA:59,0
DA:60,0
DA:61,0
DA:67,0
DA:68,0
DA:70,0
DA:72,0
LF:26
LH:0
end_of_record
SF:lib/ui/widgets/common/base_view_skeleton/base_view_skeleton.dart
DA:16,0
DA:29,0
DA:31,0
DA:32,0
DA:33,0
DA:34,0
DA:36,0
DA:38,0
DA:39,0
DA:40,0
DA:41,0
DA:42,0
DA:43,0
DA:44,0
DA:45,0
DA:46,0
DA:51,0
DA:53,0
LF:18
LH:0
end_of_record
SF:lib/ui/widgets/common/content_block_small/content_block_small.dart
DA:15,0
DA:17,0
DA:24,0
DA:32,0
DA:34,0
DA:35,0
DA:37,0
DA:39,0
DA:40,0
DA:41,0
DA:44,0
DA:45,0
DA:47,0
DA:50,0
DA:51,0
DA:53,0
DA:54,0
DA:55,0
DA:56,0
DA:60,0
DA:61,0
DA:62,0
DA:64,0
DA:65,0
LF:24
LH:0
end_of_record
SF:lib/ui/views/home/home_viewmodel.dart
DA:10,0
DA:11,0
LF:2
LH:0
end_of_record
SF:lib/ui/widgets/common/locale_text/locale_text.dart
DA:5,0
DA:21,0
DA:22,0
LF:3
LH:0
end_of_record
SF:lib/ui/widgets/common/view_state_handler/view_state_handler.dart
DA:21,0
DA:31,0
DA:33,0
DA:34,0
DA:35,0
DA:39,0
DA:40,0
DA:41,0
DA:43,0
DA:44,0
DA:45,0
DA:46,0
DA:48,0
DA:50,0
DA:51,0
DA:57,0
DA:59,0
DA:60,0
DA:62,0
DA:63,0
DA:64,0
DA:65,0
DA:67,0
DA:69,0
DA:70,0
DA:76,0
LF:26
LH:0
end_of_record
SF:lib/ui/views/onboarding/onboarding_viewmodel.dart
DA:20,0
DA:24,0
DA:25,0
DA:31,0
DA:32,0
DA:35,0
DA:36,0
DA:37,0
DA:40,0
DA:41,0
DA:42,0
DA:46,0
DA:49,0
DA:50,0
DA:51,0
DA:52,0
DA:56,0
DA:60,0
DA:61,0
DA:62,0
DA:63,0
DA:65,0
DA:69,0
LF:23
LH:0
end_of_record
SF:lib/utilities/validators/validators.dart
DA:7,0
DA:8,0
DA:9,0
DA:11,0
DA:12,0
DA:17,0
DA:18,0
DA:19,0
DA:21,0
DA:22,0
DA:28,0
DA:29,0
DA:30,0
DA:33,0
DA:34,0
DA:35,0
DA:42,0
DA:43,0
DA:44,0
DA:47,0
DA:48,0
DA:55,0
DA:56,0
DA:57,0
DA:60,0
DA:61,0
DA:68,0
DA:69,0
DA:70,0
DA:73,0
DA:74,0
DA:75,0
DA:78,0
DA:79,0
DA:80,0
DA:81,0
LF:36
LH:0
end_of_record
SF:lib/ui/views/sign_up/sign_up_form_helper.dart
DA:15,0
DA:16,0
DA:17,0
DA:18,0
DA:19,0
DA:22,0
DA:23,0
DA:24,0
DA:25,0
DA:26,0
DA:27,0
DA:30,0
DA:31,0
DA:32,0
DA:33,0
DA:34,0
DA:35,0
DA:36,0
DA:37,0
LF:19
LH:0
end_of_record
SF:lib/ui/views/sign_up/sign_up_viewmodel.dart
DA:21,0
DA:23,0
DA:24,0
DA:25,0
DA:28,0
DA:30,0
DA:31,0
DA:32,0
DA:41,0
DA:42,0
DA:44,0
DA:45,0
LF:12
LH:0
end_of_record
SF:lib/ui/views/startup/startup_viewmodel.dart
DA:12,0
DA:13,0
DA:14,0
DA:18,0
LF:4
LH:0
end_of_record
